<?xml version="1.0" encoding="UTF-8"?>
<testsuite xmlns:xsi="http://www.w3.org/2001/XMLSchema-instance" xsi:noNamespaceSchemaLocation="https://maven.apache.org/surefire/maven-surefire-plugin/xsd/surefire-test-report.xsd" version="3.0.2" name="com.spinny.BDD_framework.RunCucumberTest" time="13.521" tests="1" errors="0" skipped="0" failures="0">
  <properties>
[...]
</properties>
  <testcase name="Login feature - Valid Username and password test" classname="Login feature" time="12.541">
    <system-out><![CDATA[
@login @regression @positive
Scenario: Valid Username and password test    &amp#27;[90m# com/spinny/BDD_framework/login.feature:12&amp#27;[0m
/Users/poojauppal/eclipse-workspace/BDD-framework
  &amp#27;[32mGiven &amp#27;[0m&amp#27;[32mI am on Login page&amp#27;[0m                    &amp#27;[90m# com.spinny.BDD_framework.StepDefinitions.navigateToLoginPage()&amp#27;[0m
  &amp#27;[32mWhen &amp#27;[0m&amp#27;[32mI enter &amp#27;[0m&amp#27;[32m&amp#27;[1m"abc@gmail.com"&amp#27;[0m&amp#27;[32m and &amp#27;[0m&amp#27;[32m&amp#27;[1m"Test@123"&amp#27;[0m &amp#27;[90m# com.spinny.BDD_framework.StepDefinitions.loginWithCredentials(java.lang.String,java.lang.String)&amp#27;[0m
  &amp#27;[32mAnd &amp#27;[0m&amp#27;[32mI click on Log in button&amp#27;[0m                &amp#27;[90m# com.spinny.BDD_framework.StepDefinitions.loginButton()&amp#27;[0m
successfully loged in
  &amp#27;[32mThen &amp#27;[0m&amp#27;[32mI should be successfully logged in&amp#27;[0m     &amp#27;[90m# com.spinny.BDD_framework.StepDefinitions.successfulLogin()&amp#27;[0m
]]></system-out>
  </testcase>
</testsuite>